Determining if the pthread_create exist failed with the following output:
Change Dir: /home/lilong/shell/newrepo/exitcode/CMakeFiles/CMakeTmp

Run Build Command:"/usr/bin/make" "cmTC_5dfdf/fast"
/usr/bin/make -f CMakeFiles/cmTC_5dfdf.dir/build.make CMakeFiles/cmTC_5dfdf.dir/build
make[1]: Entering directory '/home/lilong/shell/newrepo/exitcode/CMakeFiles/CMakeTmp'
Building C object CMakeFiles/cmTC_5dfdf.dir/CheckSymbolExists.c.o
/usr/bin/cc     -o CMakeFiles/cmTC_5dfdf.dir/CheckSymbolExists.c.o   -c /home/lilong/shell/newrepo/exitcode/CMakeFiles/CMakeTmp/CheckSymbolExists.c
Linking C executable cmTC_5dfdf
/usr/bin/cmake -E cmake_link_script CMakeFiles/cmTC_5dfdf.dir/link.txt --verbose=1
/usr/bin/cc       CMakeFiles/cmTC_5dfdf.dir/CheckSymbolExists.c.o  -o cmTC_5dfdf -rdynamic 
CMakeFiles/cmTC_5dfdf.dir/CheckSymbolExists.c.o：在函数‘main’中：
CheckSymbolExists.c:(.text+0x16)：对‘pthread_create’未定义的引用
collect2: error: ld returned 1 exit status
CMakeFiles/cmTC_5dfdf.dir/build.make:97: recipe for target 'cmTC_5dfdf' failed
make[1]: *** [cmTC_5dfdf] Error 1
make[1]: Leaving directory '/home/lilong/shell/newrepo/exitcode/CMakeFiles/CMakeTmp'
Makefile:126: recipe for target 'cmTC_5dfdf/fast' failed
make: *** [cmTC_5dfdf/fast] Error 2

File /home/lilong/shell/newrepo/exitcode/CMakeFiles/CMakeTmp/CheckSymbolExists.c:
/* */
#include <pthread.h>

int main(int argc, char** argv)
{
  (void)argv;
#ifndef pthread_create
  return ((int*)(&pthread_create))[argc];
#else
  (void)argc;
  return 0;
#endif
}

Determining if the function pthread_create exists in the pthreads failed with the following output:
Change Dir: /home/lilong/shell/newrepo/exitcode/CMakeFiles/CMakeTmp

Run Build Command:"/usr/bin/make" "cmTC_99b45/fast"
/usr/bin/make -f CMakeFiles/cmTC_99b45.dir/build.make CMakeFiles/cmTC_99b45.dir/build
make[1]: Entering directory '/home/lilong/shell/newrepo/exitcode/CMakeFiles/CMakeTmp'
Building C object CMakeFiles/cmTC_99b45.dir/CheckFunctionExists.c.o
/usr/bin/cc    -DCHECK_FUNCTION_EXISTS=pthread_create   -o CMakeFiles/cmTC_99b45.dir/CheckFunctionExists.c.o   -c /usr/share/cmake-3.5/Modules/CheckFunctionExists.c
Linking C executable cmTC_99b45
/usr/bin/cmake -E cmake_link_script CMakeFiles/cmTC_99b45.dir/link.txt --verbose=1
/usr/bin/cc   -DCHECK_FUNCTION_EXISTS=pthread_create    CMakeFiles/cmTC_99b45.dir/CheckFunctionExists.c.o  -o cmTC_99b45 -rdynamic -lpthreads 
/usr/bin/ld: 找不到 -lpthreads
collect2: error: ld returned 1 exit status
CMakeFiles/cmTC_99b45.dir/build.make:97: recipe for target 'cmTC_99b45' failed
make[1]: *** [cmTC_99b45] Error 1
make[1]: Leaving directory '/home/lilong/shell/newrepo/exitcode/CMakeFiles/CMakeTmp'
Makefile:126: recipe for target 'cmTC_99b45/fast' failed
make: *** [cmTC_99b45/fast] Error 2


