Determining if the pthread_create exist failed with the following output:
Change Dir: /home/lilong/shell/newrepo/cleanup/CMakeFiles/CMakeTmp

Run Build Command:"/usr/bin/make" "cmTC_98bb4/fast"
/usr/bin/make -f CMakeFiles/cmTC_98bb4.dir/build.make CMakeFiles/cmTC_98bb4.dir/build
make[1]: Entering directory '/home/lilong/shell/newrepo/cleanup/CMakeFiles/CMakeTmp'
Building C object CMakeFiles/cmTC_98bb4.dir/CheckSymbolExists.c.o
/usr/bin/cc     -o CMakeFiles/cmTC_98bb4.dir/CheckSymbolExists.c.o   -c /home/lilong/shell/newrepo/cleanup/CMakeFiles/CMakeTmp/CheckSymbolExists.c
Linking C executable cmTC_98bb4
/usr/bin/cmake -E cmake_link_script CMakeFiles/cmTC_98bb4.dir/link.txt --verbose=1
/usr/bin/cc       CMakeFiles/cmTC_98bb4.dir/CheckSymbolExists.c.o  -o cmTC_98bb4 
CMakeFiles/cmTC_98bb4.dir/CheckSymbolExists.c.o：在函数‘main’中：
CheckSymbolExists.c:(.text+0x16)：对‘pthread_create’未定义的引用
collect2: error: ld returned 1 exit status
CMakeFiles/cmTC_98bb4.dir/build.make:97: recipe for target 'cmTC_98bb4' failed
make[1]: *** [cmTC_98bb4] Error 1
make[1]: Leaving directory '/home/lilong/shell/newrepo/cleanup/CMakeFiles/CMakeTmp'
Makefile:126: recipe for target 'cmTC_98bb4/fast' failed
make: *** [cmTC_98bb4/fast] Error 2

File /home/lilong/shell/newrepo/cleanup/CMakeFiles/CMakeTmp/CheckSymbolExists.c:
/* */
#include <pthread.h>

int main(int argc, char** argv)
{
  (void)argv;
#ifndef pthread_create
  return ((int*)(&pthread_create))[argc];
#else
  (void)argc;
  return 0;
#endif
}

Determining if the function pthread_create exists in the pthreads failed with the following output:
Change Dir: /home/lilong/shell/newrepo/cleanup/CMakeFiles/CMakeTmp

Run Build Command:"/usr/bin/make" "cmTC_6adbe/fast"
/usr/bin/make -f CMakeFiles/cmTC_6adbe.dir/build.make CMakeFiles/cmTC_6adbe.dir/build
make[1]: Entering directory '/home/lilong/shell/newrepo/cleanup/CMakeFiles/CMakeTmp'
Building C object CMakeFiles/cmTC_6adbe.dir/CheckFunctionExists.c.o
/usr/bin/cc    -DCHECK_FUNCTION_EXISTS=pthread_create   -o CMakeFiles/cmTC_6adbe.dir/CheckFunctionExists.c.o   -c /usr/share/cmake-3.5/Modules/CheckFunctionExists.c
Linking C executable cmTC_6adbe
/usr/bin/cmake -E cmake_link_script CMakeFiles/cmTC_6adbe.dir/link.txt --verbose=1
/usr/bin/cc   -DCHECK_FUNCTION_EXISTS=pthread_create    CMakeFiles/cmTC_6adbe.dir/CheckFunctionExists.c.o  -o cmTC_6adbe -lpthreads 
/usr/bin/ld: 找不到 -lpthreads
collect2: error: ld returned 1 exit status
CMakeFiles/cmTC_6adbe.dir/build.make:97: recipe for target 'cmTC_6adbe' failed
make[1]: *** [cmTC_6adbe] Error 1
make[1]: Leaving directory '/home/lilong/shell/newrepo/cleanup/CMakeFiles/CMakeTmp'
Makefile:126: recipe for target 'cmTC_6adbe/fast' failed
make: *** [cmTC_6adbe/fast] Error 2


