Determining if the pthread_create exist failed with the following output:
Change Dir: /home/lilong/shell/newrepo/mask/CMakeFiles/CMakeTmp

Run Build Command:"/usr/bin/make" "cmTC_51bc4/fast"
/usr/bin/make -f CMakeFiles/cmTC_51bc4.dir/build.make CMakeFiles/cmTC_51bc4.dir/build
make[1]: Entering directory '/home/lilong/shell/newrepo/mask/CMakeFiles/CMakeTmp'
Building C object CMakeFiles/cmTC_51bc4.dir/CheckSymbolExists.c.o
/usr/bin/cc     -o CMakeFiles/cmTC_51bc4.dir/CheckSymbolExists.c.o   -c /home/lilong/shell/newrepo/mask/CMakeFiles/CMakeTmp/CheckSymbolExists.c
Linking C executable cmTC_51bc4
/usr/bin/cmake -E cmake_link_script CMakeFiles/cmTC_51bc4.dir/link.txt --verbose=1
/usr/bin/cc       CMakeFiles/cmTC_51bc4.dir/CheckSymbolExists.c.o  -o cmTC_51bc4 
CMakeFiles/cmTC_51bc4.dir/CheckSymbolExists.c.o：在函数‘main’中：
CheckSymbolExists.c:(.text+0x16)：对‘pthread_create’未定义的引用
collect2: error: ld returned 1 exit status
CMakeFiles/cmTC_51bc4.dir/build.make:97: recipe for target 'cmTC_51bc4' failed
make[1]: *** [cmTC_51bc4] Error 1
make[1]: Leaving directory '/home/lilong/shell/newrepo/mask/CMakeFiles/CMakeTmp'
Makefile:126: recipe for target 'cmTC_51bc4/fast' failed
make: *** [cmTC_51bc4/fast] Error 2

File /home/lilong/shell/newrepo/mask/CMakeFiles/CMakeTmp/CheckSymbolExists.c:
/* */
#include <pthread.h>

int main(int argc, char** argv)
{
  (void)argv;
#ifndef pthread_create
  return ((int*)(&pthread_create))[argc];
#else
  (void)argc;
  return 0;
#endif
}

Determining if the function pthread_create exists in the pthreads failed with the following output:
Change Dir: /home/lilong/shell/newrepo/mask/CMakeFiles/CMakeTmp

Run Build Command:"/usr/bin/make" "cmTC_64bbd/fast"
/usr/bin/make -f CMakeFiles/cmTC_64bbd.dir/build.make CMakeFiles/cmTC_64bbd.dir/build
make[1]: Entering directory '/home/lilong/shell/newrepo/mask/CMakeFiles/CMakeTmp'
Building C object CMakeFiles/cmTC_64bbd.dir/CheckFunctionExists.c.o
/usr/bin/cc    -DCHECK_FUNCTION_EXISTS=pthread_create   -o CMakeFiles/cmTC_64bbd.dir/CheckFunctionExists.c.o   -c /usr/share/cmake-3.5/Modules/CheckFunctionExists.c
Linking C executable cmTC_64bbd
/usr/bin/cmake -E cmake_link_script CMakeFiles/cmTC_64bbd.dir/link.txt --verbose=1
/usr/bin/cc   -DCHECK_FUNCTION_EXISTS=pthread_create    CMakeFiles/cmTC_64bbd.dir/CheckFunctionExists.c.o  -o cmTC_64bbd -lpthreads 
/usr/bin/ld: 找不到 -lpthreads
collect2: error: ld returned 1 exit status
CMakeFiles/cmTC_64bbd.dir/build.make:97: recipe for target 'cmTC_64bbd' failed
make[1]: *** [cmTC_64bbd] Error 1
make[1]: Leaving directory '/home/lilong/shell/newrepo/mask/CMakeFiles/CMakeTmp'
Makefile:126: recipe for target 'cmTC_64bbd/fast' failed
make: *** [cmTC_64bbd/fast] Error 2


